Arguments: 
  C:\Program Files\nodejs\node.exe C:\Program Files (x86)\Yarn\bin\yarn.js start

PATH: 
  C:\ProgramData\Oracle\Java\javapath;C:\Program Files\Java\jdk1.7.0_71\bin;C:\Program Files (x86)\Java\jre7\bin;C:\Program Files\Microsoft SQL Server\110\Tools\Binn\;C:\Program Files\Microsoft SQL Server\120\Tools\Binn\;C:\Program Files (x86)\AMD\ATI.ACE\Core-Static;C:\WINDOWS\system32;C:\WINDOWS;C:\WINDOWS\System32\Wbem;C:\WINDOWS\System32\WindowsPowerShell\v1.0\;C:\Users\William Mann\.dnx\bin;C:\Program Files\Microsoft DNX\Dnvm\;C:\Program Files (x86)\NVIDIA Corporation\PhysX\Common;C:\Program Files (x86)\Skype\Phone\;C:\Program Files (x86)\GtkSharp\2.12\bin;C:\Program Files\Git\cmd;C:\Program Files (x86)\Windows Kits\10\Windows Performance Toolkit\;C:\WINDOWS\system32;C:\WINDOWS;C:\WINDOWS\System32\Wbem;C:\WINDOWS\System32\WindowsPowerShell\v1.0\;C:\ProgramData\chocolatey\bin;C:\Program Files\nodejs\;C:\Program Files (x86)\Yarn\bin\;C:\Ruby24-x64\bin;C:\Users\William Mann\AppData\Roaming\Dashlane\4.6.5.21982\bin\Firefox_Extension\{442718d9-475e-452a-b3e1-fb1ee16b8e9f}\components;C:\Users\William Mann\AppData\Roaming\Dashlane\4.6.6.23032\bin\Firefox_Extension\{442718d9-475e-452a-b3e1-fb1ee16b8e9f}\components;C:\Users\William Mann\AppData\Local\atom\bin;E:\php;C:\Users\William Mann\AppData\Local\Microsoft\WindowsApps;C:\Users\William Mann\AppData\Roaming\npm;C:\Users\William Mann\AppData\Local\Yarn\bin;C:\Users\William Mann\AppData\Local\.meteor;C:\Users\William Mann\AppData\Local\.meteor\;%DASHLANE_DLL_DIR%;C:\Program Files\Microsoft VS Code\bin

Yarn version: 
  1.5.1

Node version: 
  9.10.1

Platform: 
  win32 x64

npm manifest: 
  {
    "name": "RIDGE-Server",
    "version": "0.2.0",
    "main": "src/server/server.js",
    "dependencies": {
      "bcryptjs": "^2.4.3",
      "body-parser": "^1.18.2",
      "dynamoose": "^0.8.6",
      "express": "^4.15.4",
      "jsonwebtoken": "^8.0.1",
      "mongoose": "^4.11.12",
      "node": "^8.3.0",
      "socket.io": "^2.0.3"
    },
    "scripts": {
      "start": "node src/server/server"
    }
  }

yarn manifest: 
  No manifest

Lockfile: 
  No lockfile

Trace: 
  Error: Command failed.
  Exit code: 1
  Command: C:\WINDOWS\system32\cmd.exe
  Arguments: /d /s /c node src/server/server
  Directory: E:\Users\William Mann\Programming\RIDGE\RIDGE-Server
  Output:
  
      at ProcessTermError.MessageError (C:\Program Files (x86)\Yarn\lib\cli.js:186:110)
      at new ProcessTermError (C:\Program Files (x86)\Yarn\lib\cli.js:226:113)
      at ChildProcess.<anonymous> (C:\Program Files (x86)\Yarn\lib\cli.js:30281:17)
      at ChildProcess.emit (events.js:180:13)
      at maybeClose (internal/child_process.js:936:16)
      at Process.ChildProcess._handle.onexit (internal/child_process.js:220:5)
